<?xml version="1.0" encoding="UTF-8"?>
<testng-results ignored="0" total="1" passed="1" failed="0" skipped="0">
  <reporter-output>
  </reporter-output>
  <suite started-at="2022-11-14T22:02:02 CST" name="Failed suite [OpenCartSuite]" finished-at="2022-11-14T22:02:16 CST" duration-ms="14659">
    <groups>
      <group name="Master">
        <method signature="TC_002_Logintest.test_Login()[pri:0, instance:testCases.TC_002_Logintest@7c24b813]" name="test_Login" class="testCases.TC_002_Logintest"/>
      </group> <!-- Master -->
      <group name="Sanity">
        <method signature="TC_002_Logintest.test_Login()[pri:0, instance:testCases.TC_002_Logintest@7c24b813]" name="test_Login" class="testCases.TC_002_Logintest"/>
      </group> <!-- Sanity -->
    </groups>
    <test started-at="2022-11-14T22:02:02 CST" name="OpenCartTest(failed)" finished-at="2022-11-14T22:02:16 CST" duration-ms="14659">
      <class name="testCases.TC_002_Logintest">
        <test-method is-config="true" signature="setup(java.lang.String)[pri:0, instance:testCases.TC_002_Logintest@7c24b813]" started-at="2022-11-14T22:02:02 CST" name="setup" finished-at="2022-11-14T22:02:15 CST" duration-ms="13357" status="PASS">
          <params>
            <param index="0">
              <value>
                <![CDATA[chrome]]>
              </value>
            </param>
          </params>
          <reporter-output>
          </reporter-output>
        </test-method> <!-- setup -->
        <test-method signature="test_Login()[pri:0, instance:testCases.TC_002_Logintest@7c24b813]" started-at="2022-11-14T22:02:15 CST" name="test_Login" finished-at="2022-11-14T22:02:16 CST" duration-ms="806" status="PASS">
          <reporter-output>
          </reporter-output>
        </test-method> <!-- test_Login -->
        <test-method is-config="true" signature="tearDown()[pri:0, instance:testCases.TC_002_Logintest@7c24b813]" started-at="2022-11-14T22:02:16 CST" name="tearDown" finished-at="2022-11-14T22:02:16 CST" duration-ms="180" status="PASS">
          <reporter-output>
          </reporter-output>
        </test-method> <!-- tearDown -->
      </class> <!-- testCases.TC_002_Logintest -->
    </test> <!-- OpenCartTest(failed) -->
  </suite> <!-- Failed suite [OpenCartSuite] -->
</testng-results>
